{"D:\\HTML\\RSSCHOOL\\GuessTheMovie\\guess-the-movie\\src\\components\\Game.vue": {"path":"D:\\HTML\\RSSCHOOL\\GuessTheMovie\\guess-the-movie\\src\\components\\Game.vue","statementMap":{"0":{"start":{"line":74,"column":0},"end":{"line":74,"column":null}},"1":{"start":{"line":75,"column":0},"end":{"line":75,"column":null}},"2":{"start":{"line":76,"column":0},"end":{"line":76,"column":null}},"3":{"start":{"line":77,"column":0},"end":{"line":77,"column":null}},"4":{"start":{"line":78,"column":0},"end":{"line":78,"column":null}},"5":{"start":{"line":79,"column":0},"end":{"line":79,"column":null}},"6":{"start":{"line":80,"column":0},"end":{"line":80,"column":null}},"7":{"start":{"line":85,"column":0},"end":{"line":85,"column":null}},"8":{"start":{"line":105,"column":0},"end":{"line":105,"column":null}},"9":{"start":{"line":106,"column":0},"end":{"line":106,"column":null}},"10":{"start":{"line":112,"column":0},"end":{"line":119,"column":null}},"11":{"start":{"line":114,"column":0},"end":{"line":114,"column":null}},"12":{"start":{"line":115,"column":0},"end":{"line":115,"column":null}},"13":{"start":{"line":118,"column":0},"end":{"line":118,"column":null}},"14":{"start":{"line":122,"column":0},"end":{"line":122,"column":null}},"15":{"start":{"line":123,"column":0},"end":{"line":123,"column":null}},"16":{"start":{"line":125,"column":0},"end":{"line":125,"column":null}},"17":{"start":{"line":126,"column":0},"end":{"line":126,"column":null}},"18":{"start":{"line":128,"column":0},"end":{"line":128,"column":null}},"19":{"start":{"line":129,"column":0},"end":{"line":129,"column":null}},"20":{"start":{"line":131,"column":0},"end":{"line":131,"column":null}},"21":{"start":{"line":132,"column":0},"end":{"line":132,"column":null}},"22":{"start":{"line":134,"column":0},"end":{"line":134,"column":null}},"23":{"start":{"line":137,"column":0},"end":{"line":137,"column":null}},"24":{"start":{"line":139,"column":0},"end":{"line":139,"column":null}},"25":{"start":{"line":140,"column":0},"end":{"line":166,"column":null}},"26":{"start":{"line":141,"column":0},"end":{"line":141,"column":null}},"27":{"start":{"line":142,"column":0},"end":{"line":142,"column":null}},"28":{"start":{"line":143,"column":0},"end":{"line":143,"column":null}},"29":{"start":{"line":144,"column":0},"end":{"line":144,"column":null}},"30":{"start":{"line":145,"column":0},"end":{"line":149,"column":null}},"31":{"start":{"line":146,"column":0},"end":{"line":146,"column":null}},"32":{"start":{"line":148,"column":0},"end":{"line":148,"column":null}},"33":{"start":{"line":150,"column":0},"end":{"line":156,"column":null}},"34":{"start":{"line":151,"column":0},"end":{"line":151,"column":null}},"35":{"start":{"line":152,"column":0},"end":{"line":155,"column":null}},"36":{"start":{"line":153,"column":0},"end":{"line":153,"column":null}},"37":{"start":{"line":154,"column":0},"end":{"line":154,"column":null}},"38":{"start":{"line":157,"column":0},"end":{"line":159,"column":null}},"39":{"start":{"line":158,"column":0},"end":{"line":158,"column":null}},"40":{"start":{"line":161,"column":0},"end":{"line":161,"column":null}},"41":{"start":{"line":162,"column":0},"end":{"line":162,"column":null}},"42":{"start":{"line":163,"column":0},"end":{"line":163,"column":null}},"43":{"start":{"line":164,"column":0},"end":{"line":164,"column":null}},"44":{"start":{"line":165,"column":0},"end":{"line":165,"column":null}},"45":{"start":{"line":167,"column":0},"end":{"line":167,"column":null}},"46":{"start":{"line":168,"column":0},"end":{"line":168,"column":null}},"47":{"start":{"line":171,"column":0},"end":{"line":171,"column":null}},"48":{"start":{"line":174,"column":0},"end":{"line":174,"column":null}},"49":{"start":{"line":175,"column":0},"end":{"line":175,"column":null}},"50":{"start":{"line":176,"column":0},"end":{"line":176,"column":null}},"51":{"start":{"line":177,"column":0},"end":{"line":177,"column":null}},"52":{"start":{"line":178,"column":0},"end":{"line":178,"column":null}},"53":{"start":{"line":179,"column":0},"end":{"line":179,"column":null}},"54":{"start":{"line":180,"column":0},"end":{"line":180,"column":null}},"55":{"start":{"line":181,"column":0},"end":{"line":181,"column":null}},"56":{"start":{"line":182,"column":0},"end":{"line":182,"column":null}},"57":{"start":{"line":183,"column":0},"end":{"line":183,"column":null}},"58":{"start":{"line":186,"column":0},"end":{"line":186,"column":null}},"59":{"start":{"line":193,"column":0},"end":{"line":193,"column":null}},"60":{"start":{"line":196,"column":0},"end":{"line":196,"column":null}}},"fnMap":{"0":{"name":"(anonymous_1)","decl":{"start":{"line":84,"column":0},"end":{"line":84,"column":null}},"loc":{"start":{"line":84,"column":0},"end":{"line":97,"column":null}}},"1":{"name":"(anonymous_2)","decl":{"start":{"line":104,"column":0},"end":{"line":104,"column":null}},"loc":{"start":{"line":104,"column":0},"end":{"line":107,"column":null}}},"2":{"name":"(anonymous_3)","decl":{"start":{"line":111,"column":0},"end":{"line":111,"column":null}},"loc":{"start":{"line":111,"column":0},"end":{"line":120,"column":null}}},"3":{"name":"(anonymous_4)","decl":{"start":{"line":112,"column":0},"end":{"line":112,"column":null}},"loc":{"start":{"line":112,"column":0},"end":{"line":116,"column":null}}},"4":{"name":"(anonymous_5)","decl":{"start":{"line":116,"column":0},"end":{"line":116,"column":null}},"loc":{"start":{"line":116,"column":0},"end":{"line":119,"column":null}}},"5":{"name":"(anonymous_6)","decl":{"start":{"line":121,"column":0},"end":{"line":121,"column":null}},"loc":{"start":{"line":121,"column":0},"end":{"line":135,"column":null}}},"6":{"name":"(anonymous_7)","decl":{"start":{"line":136,"column":0},"end":{"line":136,"column":null}},"loc":{"start":{"line":136,"column":0},"end":{"line":169,"column":null}}},"7":{"name":"(anonymous_8)","decl":{"start":{"line":152,"column":0},"end":{"line":152,"column":null}},"loc":{"start":{"line":152,"column":0},"end":{"line":155,"column":null}}},"8":{"name":"(anonymous_9)","decl":{"start":{"line":170,"column":0},"end":{"line":170,"column":null}},"loc":{"start":{"line":170,"column":0},"end":{"line":172,"column":null}}},"9":{"name":"(anonymous_10)","decl":{"start":{"line":173,"column":0},"end":{"line":173,"column":null}},"loc":{"start":{"line":173,"column":0},"end":{"line":184,"column":null}}},"10":{"name":"(anonymous_11)","decl":{"start":{"line":185,"column":0},"end":{"line":185,"column":null}},"loc":{"start":{"line":185,"column":0},"end":{"line":194,"column":null}}},"11":{"name":"(anonymous_12)","decl":{"start":{"line":195,"column":0},"end":{"line":195,"column":null}},"loc":{"start":{"line":195,"column":0},"end":{"line":197,"column":null}}}},"branchMap":{"0":{"loc":{"start":{"line":124,"column":0},"end":{"line":126,"column":null}},"type":"switch","locations":[{"start":{"line":124,"column":0},"end":{"line":126,"column":null}},{"start":{"line":127,"column":0},"end":{"line":129,"column":null}},{"start":{"line":130,"column":0},"end":{"line":132,"column":null}}]},"1":{"loc":{"start":{"line":137,"column":0},"end":{"line":137,"column":null}},"type":"if","locations":[{"start":{"line":137,"column":0},"end":{"line":137,"column":null}},{"start":{"line":137,"column":0},"end":{"line":137,"column":null}}]},"2":{"loc":{"start":{"line":140,"column":0},"end":{"line":166,"column":null}},"type":"if","locations":[{"start":{"line":140,"column":0},"end":{"line":166,"column":null}},{"start":{"line":140,"column":0},"end":{"line":166,"column":null}}]},"3":{"loc":{"start":{"line":145,"column":0},"end":{"line":149,"column":null}},"type":"if","locations":[{"start":{"line":145,"column":0},"end":{"line":149,"column":null}},{"start":{"line":145,"column":0},"end":{"line":149,"column":null}}]},"4":{"loc":{"start":{"line":150,"column":0},"end":{"line":156,"column":null}},"type":"if","locations":[{"start":{"line":150,"column":0},"end":{"line":156,"column":null}},{"start":{"line":150,"column":0},"end":{"line":156,"column":null}}]},"5":{"loc":{"start":{"line":157,"column":0},"end":{"line":159,"column":null}},"type":"if","locations":[{"start":{"line":157,"column":0},"end":{"line":159,"column":null}},{"start":{"line":157,"column":0},"end":{"line":159,"column":null}}]},"6":{"loc":{"start":{"line":168,"column":0},"end":{"line":168,"column":null}},"type":"if","locations":[{"start":{"line":168,"column":0},"end":{"line":168,"column":null}},{"start":{"line":168,"column":0},"end":{"line":168,"column":null}}]},"7":{"loc":{"start":{"line":174,"column":0},"end":{"line":174,"column":null}},"type":"if","locations":[{"start":{"line":174,"column":0},"end":{"line":174,"column":null}},{"start":{"line":174,"column":0},"end":{"line":174,"column":null}}]}},"s":{"0":1,"1":1,"2":1,"3":1,"4":1,"5":1,"6":1,"7":5,"8":5,"9":5,"10":5,"11":0,"12":0,"13":0,"14":0,"15":0,"16":0,"17":0,"18":0,"19":0,"20":0,"21":0,"22":0,"23":0,"24":0,"25":0,"26":0,"27":0,"28":0,"29":0,"30":0,"31":0,"32":0,"33":0,"34":0,"35":0,"36":0,"37":0,"38":0,"39":0,"40":0,"41":0,"42":0,"43":0,"44":0,"45":0,"46":0,"47":15,"48":0,"49":0,"50":0,"51":0,"52":0,"53":0,"54":0,"55":0,"56":0,"57":0,"58":0,"59":0,"60":0},"f":{"0":5,"1":5,"2":5,"3":0,"4":0,"5":0,"6":0,"7":0,"8":15,"9":0,"10":0,"11":0},"b":{"0":[0,0,0],"1":[0,0],"2":[0,0],"3":[0,0],"4":[0,0],"5":[0,0],"6":[0,0],"7":[0,0]}}
,"D:\\HTML\\RSSCHOOL\\GuessTheMovie\\guess-the-movie\\src\\components\\GameOver.vue": {"path":"D:\\HTML\\RSSCHOOL\\GuessTheMovie\\guess-the-movie\\src\\components\\GameOver.vue","statementMap":{"0":{"start":{"line":24,"column":0},"end":{"line":24,"column":null}},"1":{"start":{"line":25,"column":0},"end":{"line":25,"column":null}},"2":{"start":{"line":33,"column":0},"end":{"line":38,"column":null}},"3":{"start":{"line":34,"column":0},"end":{"line":37,"column":null}},"4":{"start":{"line":35,"column":0},"end":{"line":35,"column":null}},"5":{"start":{"line":36,"column":0},"end":{"line":36,"column":null}},"6":{"start":{"line":45,"column":0},"end":{"line":45,"column":null}}},"fnMap":{"0":{"name":"(anonymous_1)","decl":{"start":{"line":32,"column":0},"end":{"line":32,"column":null}},"loc":{"start":{"line":32,"column":0},"end":{"line":39,"column":null}}},"1":{"name":"(anonymous_2)","decl":{"start":{"line":34,"column":0},"end":{"line":34,"column":null}},"loc":{"start":{"line":34,"column":0},"end":{"line":37,"column":null}}},"2":{"name":"(anonymous_3)","decl":{"start":{"line":44,"column":0},"end":{"line":44,"column":null}},"loc":{"start":{"line":44,"column":0},"end":{"line":46,"column":null}}}},"branchMap":{"0":{"loc":{"start":{"line":33,"column":0},"end":{"line":38,"column":null}},"type":"if","locations":[{"start":{"line":33,"column":0},"end":{"line":38,"column":null}},{"start":{"line":33,"column":0},"end":{"line":38,"column":null}}]}},"s":{"0":2,"1":2,"2":4,"3":1,"4":0,"5":0,"6":0},"f":{"0":4,"1":0,"2":0},"b":{"0":[1,3]}}
,"D:\\HTML\\RSSCHOOL\\GuessTheMovie\\guess-the-movie\\src\\components\\Header.vue": {"path":"D:\\HTML\\RSSCHOOL\\GuessTheMovie\\guess-the-movie\\src\\components\\Header.vue","statementMap":{"0":{"start":{"line":12,"column":0},"end":{"line":12,"column":null}},"1":{"start":{"line":21,"column":0},"end":{"line":21,"column":null}}},"fnMap":{"0":{"name":"(anonymous_1)","decl":{"start":{"line":20,"column":0},"end":{"line":20,"column":null}},"loc":{"start":{"line":20,"column":0},"end":{"line":22,"column":null}}}},"branchMap":{},"s":{"0":1,"1":0},"f":{"0":0},"b":{}}
,"D:\\HTML\\RSSCHOOL\\GuessTheMovie\\guess-the-movie\\src\\components\\Main.vue": {"path":"D:\\HTML\\RSSCHOOL\\GuessTheMovie\\guess-the-movie\\src\\components\\Main.vue","statementMap":{"0":{"start":{"line":19,"column":0},"end":{"line":19,"column":null}},"1":{"start":{"line":20,"column":0},"end":{"line":20,"column":null}},"2":{"start":{"line":28,"column":0},"end":{"line":28,"column":null}},"3":{"start":{"line":29,"column":0},"end":{"line":29,"column":null}},"4":{"start":{"line":30,"column":0},"end":{"line":30,"column":null}}},"fnMap":{"0":{"name":"(anonymous_1)","decl":{"start":{"line":27,"column":0},"end":{"line":27,"column":null}},"loc":{"start":{"line":27,"column":0},"end":{"line":31,"column":null}}}},"branchMap":{},"s":{"0":1,"1":1,"2":0,"3":0,"4":0},"f":{"0":0},"b":{}}
}
