TN:
SF:D:\HTML\RSSCHOOL\GuessTheMovie\guess-the-movie\src\components\Game.vue
FN:84,(anonymous_1)
FN:104,(anonymous_2)
FN:111,(anonymous_3)
FN:112,(anonymous_4)
FN:116,(anonymous_5)
FN:121,(anonymous_6)
FN:136,(anonymous_7)
FN:152,(anonymous_8)
FN:170,(anonymous_9)
FN:173,(anonymous_10)
FN:185,(anonymous_11)
FN:195,(anonymous_12)
FNF:12
FNH:4
FNDA:5,(anonymous_1)
FNDA:5,(anonymous_2)
FNDA:5,(anonymous_3)
FNDA:0,(anonymous_4)
FNDA:0,(anonymous_5)
FNDA:0,(anonymous_6)
FNDA:0,(anonymous_7)
FNDA:0,(anonymous_8)
FNDA:15,(anonymous_9)
FNDA:0,(anonymous_10)
FNDA:0,(anonymous_11)
FNDA:0,(anonymous_12)
DA:74,1
DA:75,1
DA:76,1
DA:77,1
DA:78,1
DA:79,1
DA:80,1
DA:85,5
DA:105,5
DA:106,5
DA:112,5
DA:114,0
DA:115,0
DA:118,0
DA:122,0
DA:123,0
DA:125,0
DA:126,0
DA:128,0
DA:129,0
DA:131,0
DA:132,0
DA:134,0
DA:137,0
DA:139,0
DA:140,0
DA:141,0
DA:142,0
DA:143,0
DA:144,0
DA:145,0
DA:146,0
DA:148,0
DA:150,0
DA:151,0
DA:152,0
DA:153,0
DA:154,0
DA:157,0
DA:158,0
DA:161,0
DA:162,0
DA:163,0
DA:164,0
DA:165,0
DA:167,0
DA:168,0
DA:171,15
DA:174,0
DA:175,0
DA:176,0
DA:177,0
DA:178,0
DA:179,0
DA:180,0
DA:181,0
DA:182,0
DA:183,0
DA:186,0
DA:193,0
DA:196,0
LF:61
LH:12
BRDA:124,0,0,0
BRDA:124,0,1,0
BRDA:124,0,2,0
BRDA:137,1,0,0
BRDA:137,1,1,0
BRDA:140,2,0,0
BRDA:140,2,1,0
BRDA:145,3,0,0
BRDA:145,3,1,0
BRDA:150,4,0,0
BRDA:150,4,1,0
BRDA:157,5,0,0
BRDA:157,5,1,0
BRDA:168,6,0,0
BRDA:168,6,1,0
BRDA:174,7,0,0
BRDA:174,7,1,0
BRF:17
BRH:0
end_of_record
TN:
SF:D:\HTML\RSSCHOOL\GuessTheMovie\guess-the-movie\src\components\GameOver.vue
FN:32,(anonymous_1)
FN:34,(anonymous_2)
FN:44,(anonymous_3)
FNF:3
FNH:1
FNDA:4,(anonymous_1)
FNDA:0,(anonymous_2)
FNDA:0,(anonymous_3)
DA:24,2
DA:25,2
DA:33,4
DA:34,1
DA:35,0
DA:36,0
DA:45,0
LF:7
LH:4
BRDA:33,0,0,1
BRDA:33,0,1,3
BRF:2
BRH:2
end_of_record
TN:
SF:D:\HTML\RSSCHOOL\GuessTheMovie\guess-the-movie\src\components\Header.vue
FN:20,(anonymous_1)
FNF:1
FNH:0
FNDA:0,(anonymous_1)
DA:12,1
DA:21,0
LF:2
LH:1
BRF:0
BRH:0
end_of_record
TN:
SF:D:\HTML\RSSCHOOL\GuessTheMovie\guess-the-movie\src\components\Main.vue
FN:27,(anonymous_1)
FNF:1
FNH:0
FNDA:0,(anonymous_1)
DA:19,1
DA:20,1
DA:28,0
DA:29,0
DA:30,0
LF:5
LH:2
BRF:0
BRH:0
end_of_record
